#
# There is insufficient memory for the Java Runtime Environment to continue.
# Native memory allocation (mmap) failed to map 67108864 bytes for Failed to commit area from 0x00000000c1c00000 to 0x00000000c5c00000 of length 67108864.
# Possible reasons:
#   The system is out of physical RAM or swap space
#   The process is running with CompressedOops enabled, and the Java Heap may be blocking the growth of the native heap
# Possible solutions:
#   Reduce memory load on the system
#   Increase physical memory or swap space
#   Check if swap backing store is full
#   Decrease Java heap size (-Xmx/-Xms)
#   Decrease number of Java threads
#   Decrease Java thread stack sizes (-Xss)
#   Set larger code cache with -XX:ReservedCodeCacheSize=
# This output file may be truncated or incomplete.
#
#  Out of Memory Error (t:/workspace/open/src/hotspot/os/windows/os_windows.cpp:3301), pid=6468, tid=14608
#
# JRE version:  (13.0+33) (build )
# Java VM: OpenJDK 64-Bit Server VM (13+33, mixed mode, aot, sharing, tiered, compressed oops, g1 gc, windows-amd64)
# No core dump will be written. Minidumps are not enabled by default on client versions of Windows
#

---------------  S U M M A R Y ------------

Command Line: -Dmaven.home=EMBEDDED -Dclassworlds.conf=C:\Users\yochay\eclipse-workspace-task\.metadata\.plugins\org.eclipse.m2e.launching\launches\m2conf3556452752622694161.tmp -Dmaven.multiModuleProjectDirectory=C:\Users\yochay\Desktop\inventory -Dfile.encoding=Cp1255 org.codehaus.plexus.classworlds.launcher.Launcher -Ppom.xml -B clean package

Host: Intel(R) Core(TM) i5-3317U CPU @ 1.70GHz, 4 cores, 3G,  Windows 10 , 64 bit Build 19041 (10.0.19041.804)
Time: Tue Feb 16 17:42:00 2021 שעון רגיל ירושלים elapsed time: 0 seconds (0d 0h 0m 0s)

---------------  T H R E A D  ---------------

Current thread (0x000002383d31a800):  JavaThread "Unknown thread" [_thread_in_vm, id=14608, stack(0x000000ef2f000000,0x000000ef2f100000)]

Stack: [0x000000ef2f000000,0x000000ef2f100000]
Native frames: (J=compiled Java code, j=interpreted, Vv=VM code, C=native code)
V  [jvm.dll+0x626eaa]
V  [jvm.dll+0x772c4a]
V  [jvm.dll+0x7743ff]
V  [jvm.dll+0x774a03]
V  [jvm.dll+0x24da38]
V  [jvm.dll+0x62436a]
V  [jvm.dll+0x618f55]
V  [jvm.dll+0x30c5fc]
V  [jvm.dll+0x30c432]
V  [jvm.dll+0x311ba6]
V  [jvm.dll+0x355cc6]
V  [jvm.dll+0x3554a0]
V  [jvm.dll+0x2e727a]
V  [jvm.dll+0x2e8512]
V  [jvm.dll+0x74fcb8]
V  [jvm.dll+0x363719]
V  [jvm.dll+0x732da5]
V  [jvm.dll+0x3ce2cf]
V  [jvm.dll+0x3d05f1]
C  [jli.dll+0x51ff]
C  [ucrtbase.dll+0x21bb2]
C  [KERNEL32.DLL+0x17034]
C  [ntdll.dll+0x4d241]


---------------  P R O C E S S  ---------------

Threads class SMR info:
_java_thread_list=0x00007ffd87ab46b8, length=0, elements={
}

Java Threads: ( => current thread )

Other Threads:
  0x000002383d34b800 GCTaskThread "GC Thread#0" [stack: 0x000000ef2f100000,0x000000ef2f200000] [id=15748]
  0x000002383d356800 ConcurrentGCThread "G1 Main Marker" [stack: 0x000000ef2f200000,0x000000ef2f300000] [id=12296]
  0x000002383d358000 ConcurrentGCThread "G1 Conc#0" [stack: 0x000000ef2f300000,0x000000ef2f400000] [id=11116]

[error occurred during error reporting (printing all threads), id 0xc0000005, EXCEPTION_ACCESS_VIOLATION (0xc0000005) at pc=0x00007ffd872e6f47]

VM state:not at safepoint (not fully initialized)

VM Mutex/Monitor currently owned by a thread:  ([mutex/lock_event])
[0x000002383d316dd0] Heap_lock - owner thread: 0x000002383d31a800

Heap address: 0x00000000c1c00000, size: 996 MB, Compressed Oops mode: Non-zero based: 0x00000000c1c00000
Narrow klass base: 0x0000000000000000, Narrow klass shift: 0

GC Heap History (0 events):
No events

Deoptimization events (0 events):
No events

Classes unloaded (0 events):
No events

Classes redefined (0 events):
No events

Internal exceptions (0 events):
No events

Events (8 events):
Event: 0.101 Loaded shared library C:\Program Files\Java\jdk-13\bin\zip.dll
Event: 0.109 Loaded shared library C:\Program Files\Java\jdk-13\bin\jimage.dll
Event: 0.138 Loading shared library C:\Program Files\Java\jdk-13\lib\libjava.base-coop.dll failed, error code 126
Event: 0.138 Loading shared library C:\Program Files\Java\jdk-13\lib\libjava.logging-coop.dll failed, error code 126
Event: 0.138 Loading shared library C:\Program Files\Java\jdk-13\lib\libjdk.compiler-coop.dll failed, error code 126
Event: 0.138 Loading shared library C:\Program Files\Java\jdk-13\lib\libjdk.scripting.nashorn-coop.dll failed, error code 126
Event: 0.138 Loading shared library C:\Program Files\Java\jdk-13\lib\libjdk.internal.vm.ci-coop.dll failed, error code 126
Event: 0.138 Loading shared library C:\Program Files\Java\jdk-13\lib\libjdk.internal.vm.compiler-coop.dll failed, error code 126


Dynamic libraries:
0x00007ff669650000 - 0x00007ff66965d000 	C:\Program Files\Java\jdk-13\bin\javaw.exe
0x00007ffdc9230000 - 0x00007ffdc9426000 	C:\WINDOWS\SYSTEM32\ntdll.dll
0x00007ffdc7290000 - 0x00007ffdc734d000 	C:\WINDOWS\System32\KERNEL32.DLL
0x00007ffdc6f90000 - 0x00007ffdc7259000 	C:\WINDOWS\System32\KERNELBASE.dll
0x00007ffdc6cd0000 - 0x00007ffdc6dd0000 	C:\WINDOWS\System32\ucrtbase.dll
0x00007ffdbf7d0000 - 0x00007ffdbf7e8000 	C:\Program Files\Java\jdk-13\bin\jli.dll
0x00007ffdb5ab0000 - 0x00007ffdb5ac5000 	C:\Program Files\Java\jdk-13\bin\VCRUNTIME140.dll
0x00007ffdc84a0000 - 0x00007ffdc8640000 	C:\WINDOWS\System32\USER32.dll
0x00007ffdb3a40000 - 0x00007ffdb3cdb000 	C:\WINDOWS\WinSxS\amd64_microsoft.windows.common-controls_6595b64144ccf1df_6.0.19041.746_none_ca02b4b61b8320a4\COMCTL32.dll
0x00007ffdc7260000 - 0x00007ffdc7282000 	C:\WINDOWS\System32\win32u.dll
0x00007ffdc89e0000 - 0x00007ffdc8a0a000 	C:\WINDOWS\System32\GDI32.dll
0x00007ffdc6b40000 - 0x00007ffdc6c4b000 	C:\WINDOWS\System32\gdi32full.dll
0x00007ffdc8640000 - 0x00007ffdc86de000 	C:\WINDOWS\System32\msvcrt.dll
0x00007ffdc69f0000 - 0x00007ffdc6a8d000 	C:\WINDOWS\System32\msvcp_win.dll
0x00007ffdc7350000 - 0x00007ffdc7380000 	C:\WINDOWS\System32\IMM32.DLL
0x00007ffda8b50000 - 0x00007ffda8beb000 	C:\Program Files\Java\jdk-13\bin\msvcp140.dll
0x00007ffd86ff0000 - 0x00007ffd87b56000 	C:\Program Files\Java\jdk-13\bin\server\jvm.dll
0x00007ffdc7d40000 - 0x00007ffdc7dec000 	C:\WINDOWS\System32\ADVAPI32.dll
0x00007ffdc73f0000 - 0x00007ffdc748c000 	C:\WINDOWS\System32\sechost.dll
0x00007ffdc7f00000 - 0x00007ffdc802b000 	C:\WINDOWS\System32\RPCRT4.dll
0x00007ffdc76f0000 - 0x00007ffdc76f8000 	C:\WINDOWS\System32\PSAPI.DLL
0x00007ffdb6be0000 - 0x00007ffdb6c07000 	C:\WINDOWS\SYSTEM32\WINMM.dll
0x00007ffdb4900000 - 0x00007ffdb490a000 	C:\WINDOWS\SYSTEM32\VERSION.dll
0x00007ffdbeef0000 - 0x00007ffdbeef9000 	C:\WINDOWS\SYSTEM32\WSOCK32.dll
0x00007ffdc87c0000 - 0x00007ffdc882b000 	C:\WINDOWS\System32\WS2_32.dll
0x00007ffdc5210000 - 0x00007ffdc5222000 	C:\WINDOWS\SYSTEM32\kernel.appcore.dll
0x00007ffdbf6e0000 - 0x00007ffdbf6f0000 	C:\Program Files\Java\jdk-13\bin\verify.dll
0x00007ffdbc500000 - 0x00007ffdbc6e4000 	C:\WINDOWS\SYSTEM32\DBGHELP.DLL
0x00007ffdbc4d0000 - 0x00007ffdbc4fc000 	C:\WINDOWS\SYSTEM32\dbgcore.DLL
0x00007ffdc6c50000 - 0x00007ffdc6cd0000 	C:\WINDOWS\System32\bcryptPrimitives.dll
0x00007ffdadc10000 - 0x00007ffdadc36000 	C:\Program Files\Java\jdk-13\bin\java.dll
0x00007ffdb5a90000 - 0x00007ffdb5aa7000 	C:\Program Files\Java\jdk-13\bin\zip.dll
0x00007ffdbc770000 - 0x00007ffdbc77a000 	C:\Program Files\Java\jdk-13\bin\jimage.dll

dbghelp: loaded successfully - version: 4.0.5 - missing functions: none
symbol engine: initialized successfully - sym options: 0x614 - pdb path: .;C:\Program Files\Java\jdk-13\bin;C:\WINDOWS\SYSTEM32;C:\WINDOWS\WinSxS\amd64_microsoft.windows.common-controls_6595b64144ccf1df_6.0.19041.746_none_ca02b4b61b8320a4;C:\Program Files\Java\jdk-13\bin\server

VM Arguments:
jvm_args: -Dmaven.home=EMBEDDED -Dclassworlds.conf=C:\Users\yochay\eclipse-workspace-task\.metadata\.plugins\org.eclipse.m2e.launching\launches\m2conf3556452752622694161.tmp -Dmaven.multiModuleProjectDirectory=C:\Users\yochay\Desktop\inventory -Dfile.encoding=Cp1255 
java_command: org.codehaus.plexus.classworlds.launcher.Launcher -Ppom.xml -B clean package
java_class_path (initial): C:\Users\yochay\.p2\pool\plugins\org.eclipse.m2e.maven.runtime_1.16.0.20200610-1735\jars\plexus-classworlds-2.6.0.jar
Launcher Type: SUN_STANDARD

[Global flags]
     intx CICompilerCount                          = 3                                         {product} {ergonomic}
     uint ConcGCThreads                            = 1                                         {product} {ergonomic}
     uint G1ConcRefinementThreads                  = 4                                         {product} {ergonomic}
   size_t G1HeapRegionSize                         = 1048576                                   {product} {ergonomic}
    uintx GCDrainStackTargetSize                   = 64                                        {product} {ergonomic}
   size_t InitialHeapSize                          = 67108864                                  {product} {ergonomic}
   size_t MarkStackSize                            = 4194304                                   {product} {ergonomic}
   size_t MaxHeapSize                              = 1044381696                                {product} {ergonomic}
   size_t MinHeapDeltaBytes                        = 1048576                                   {product} {ergonomic}
   size_t MinHeapSize                              = 8388608                                   {product} {ergonomic}
    uintx NonNMethodCodeHeapSize                   = 5830732                                {pd product} {ergonomic}
    uintx NonProfiledCodeHeapSize                  = 122913754                              {pd product} {ergonomic}
    uintx ProfiledCodeHeapSize                     = 122913754                              {pd product} {ergonomic}
    uintx ReservedCodeCacheSize                    = 251658240                              {pd product} {ergonomic}
     bool SegmentedCodeCache                       = true                                      {product} {ergonomic}
   size_t SoftMaxHeapSize                          = 1044381696                             {manageable} {ergonomic}
     bool UseCompressedClassPointers               = true                                 {lp64_product} {ergonomic}
     bool UseCompressedOops                        = true                                 {lp64_product} {ergonomic}
     bool UseG1GC                                  = true                                      {product} {ergonomic}
     bool UseLargePagesIndividualAllocation        = false                                  {pd product} {ergonomic}

Logging:
Log output configuration:
 #0: stdout all=warning uptime,level,tags
 #1: stderr all=off uptime,level,tags

Environment Variables:
JAVA_HOME=\C:\Program Files\Java\jdk-9.0.1
PATH=C:/Users/yochay/.p2/pool/plugins/org.eclipse.justj.openjdk.hotspot.jre.full.win32.x86_64_14.0.2.v20200815-0932/jre/bin/server;C:/Users/yochay/.p2/pool/plugins/org.eclipse.justj.openjdk.hotspot.jre.full.win32.x86_64_14.0.2.v20200815-0932/jre/bin;C:\ProgramData\Oracle\Java\javapath;C:\Windows\System32;C:\WINDOWS\system32;C:\WINDOWS;C:\WINDOWS\System32\Wbem;C:\WINDOWS\System32\WindowsPowerShell\v1.0\;c:\Program Files (x86)\Microsoft SQL Server\100\Tools\Binn\;c:\Program Files\Microsoft SQL Server\100\Tools\Binn\;c:\Program Files\Microsoft SQL Server\100\DTS\Binn\;C:\WINDOWS\System32\OpenSSH\;C:\TDM-GCC-64\bin;C:\Program Files\Git\cmd;C:\Program Files\nodejs\;C:\Program Files\dotnet\;C:\Program Files\Docker\Docker\resources\bin;C:\ProgramData\DockerDesktop\version-bin;C:\Windows\System32;C:\WINDOWS\system32;C:\WINDOWS;C:\WINDOWS\System32\Wbem;C:\WINDOWS\System32\WindowsPowerShell\v1.0\;C:\Program Files\Microsoft SQL Server\110\Tools\Binn\;c:\Program Files (x86)\Microsoft SQL Server\100\Tools\Binn\;c:\Program Files\Microsoft SQL Server\100\Tools\Binn\;c:\Program Files\Microsoft SQL Server\100\DTS\Binn\;C:\WINDOWS\System32\OpenSSH\;C:\TDM-GCC-64\bin;C:\Program Files\Git\cmd;C:\Program Files\nodejs\;C:\Program Files\dotnet\;C:\Windows\System32;C:\Users\yochay\AppData\Local\Microsoft\WindowsApps;C:\Modeltech_pe_edu_10.4a\win32pe_edu;C:\Users\yochay\AppData\Local\Programs\Microsoft VS Code\bin;C:\Users\yochay\AppData\Roaming\npm;C:\Users\yochay\AppData\Local\Microsoft\WindowsApps;C:\Program Files (x86)\mingw-w64\i686-8.1.0-posix-dwarf-rt_v6-rev0\mingw32\bin;C:\Users\yochay\AppData\Local\Android\Sdk\platform-tools;C:\Program Files\heroku\bin;C:\Program Files\Java\jdk-9.0.1\bin\;C:\Users\yochay\DevTools\apache-ant-1.10.9-bin\apache-ant-1.10.9\bin;;C:\WINDOWS\system32;
USERNAME=yochay
OS=Windows_NT
PROCESSOR_IDENTIFIER=Intel64 Family 6 Model 58 Stepping 9, GenuineIntel



---------------  S Y S T E M  ---------------

OS: Windows 10 , 64 bit Build 19041 (10.0.19041.804)
HyperV virtualization detected

CPU:total 4 (initial active 4) (2 cores per cpu, 2 threads per core) family 6 model 58 stepping 9, cmov, cx8, fxsr, mmx, sse, sse2, sse3, ssse3, sse4.1, sse4.2, popcnt, avx, aes, clmul, erms, ht, tsc, tscinvbit, tscinv

Memory: 4k page, system-wide physical 3981M (224M free)
TotalPageFile size 16005M (AvailPageFile size 31M)
current process WorkingSet (physical memory assigned to process): 9M, peak: 9M
current process commit charge ("private bytes"): 51M, peak: 115M

vm_info: OpenJDK 64-Bit Server VM (13+33) for windows-amd64 JRE (13+33), built on Aug  9 2019 11:21:18 by "mach5one" with unknown MS VC++:1916

END.
